2019-07-08 17:05:57,207 - Log4JLogChute initialized using file 'velocity.log'
2019-07-08 17:05:57,208 - Initializing Velocity, Calling init()...
2019-07-08 17:05:57,208 - Starting Apache Velocity v1.7 (compiled: 2010-11-19 12:14:37)
2019-07-08 17:05:57,208 - Default Properties File: org\apache\velocity\runtime\defaults\velocity.properties
2019-07-08 17:05:57,208 - Trying to use logger class org.apache.velocity.runtime.log.AvalonLogChute
2019-07-08 17:05:57,208 - Target log system for org.apache.velocity.runtime.log.AvalonLogChute is not available (java.lang.NoClassDefFoundError: org/apache/log/format/Formatter).  Falling back to next log system...
2019-07-08 17:05:57,208 - Trying to use logger class org.apache.velocity.runtime.log.Log4JLogChute
2019-07-08 17:05:57,208 - Using logger class org.apache.velocity.runtime.log.Log4JLogChute
2019-07-08 17:05:57,214 - ResourceLoader instantiated: org.apache.velocity.runtime.resource.loader.ClasspathResourceLoader
2019-07-08 17:05:57,259 - ResourceCache: initialized (class org.apache.velocity.runtime.resource.ResourceCacheImpl) with class java.util.Collections$SynchronizedMap cache map.
2019-07-08 17:05:57,261 - Loaded System Directive: org.apache.velocity.runtime.directive.Stop
2019-07-08 17:05:57,263 - Loaded System Directive: org.apache.velocity.runtime.directive.Define
2019-07-08 17:05:57,264 - Loaded System Directive: org.apache.velocity.runtime.directive.Break
2019-07-08 17:05:57,265 - Loaded System Directive: org.apache.velocity.runtime.directive.Evaluate
2019-07-08 17:05:57,266 - Loaded System Directive: org.apache.velocity.runtime.directive.Literal
2019-07-08 17:05:57,268 - Loaded System Directive: org.apache.velocity.runtime.directive.Macro
2019-07-08 17:05:57,271 - Loaded System Directive: org.apache.velocity.runtime.directive.Parse
2019-07-08 17:05:57,273 - Loaded System Directive: org.apache.velocity.runtime.directive.Include
2019-07-08 17:05:57,274 - Loaded System Directive: org.apache.velocity.runtime.directive.Foreach
2019-07-08 17:05:57,324 - Created '20' parsers.
2019-07-08 17:05:57,334 - Velocimacro : "velocimacro.library" is not set.  Trying default library: VM_global_library.vm
2019-07-08 17:05:57,336 - Could not load resource 'VM_global_library.vm' from ResourceLoader org.apache.velocity.runtime.resource.loader.ClasspathResourceLoader: ClasspathResourceLoader Error: cannot find resource VM_global_library.vm
2019-07-08 17:05:57,336 - Velocimacro : Default library not found.
2019-07-08 17:05:57,336 - Velocimacro : allowInline = true : VMs can be defined inline in templates
2019-07-08 17:05:57,336 - Velocimacro : allowInlineToOverride = false : VMs defined inline may NOT replace previous VM definitions
2019-07-08 17:05:57,336 - Velocimacro : allowInlineLocal = false : VMs defined inline will be global in scope if allowed.
2019-07-08 17:05:57,336 - Velocimacro : autoload off : VM system will not automatically reload global library macros
2019-07-08 17:05:57,382 - ResourceManager : found /templates/entity.java.vm with loader org.apache.velocity.runtime.resource.loader.ClasspathResourceLoader
2019-07-08 17:05:57,550 - Left side (${versionFieldName}) of '==' operation has null value. If it is a reference, it may not be in the context or its toString() returned null. /templates/entity.java.vm[line 84, column 26]
2019-07-08 17:05:57,550 - Left side (${logicDeleteFieldName}) of '==' operation has null value. If it is a reference, it may not be in the context or its toString() returned null. /templates/entity.java.vm[line 88, column 30]
2019-07-08 17:05:57,550 - Left side (${versionFieldName}) of '==' operation has null value. If it is a reference, it may not be in the context or its toString() returned null. /templates/entity.java.vm[line 84, column 26]
2019-07-08 17:05:57,550 - Left side (${logicDeleteFieldName}) of '==' operation has null value. If it is a reference, it may not be in the context or its toString() returned null. /templates/entity.java.vm[line 88, column 30]
2019-07-08 17:05:57,550 - Left side (${versionFieldName}) of '==' operation has null value. If it is a reference, it may not be in the context or its toString() returned null. /templates/entity.java.vm[line 84, column 26]
2019-07-08 17:05:57,550 - Left side (${logicDeleteFieldName}) of '==' operation has null value. If it is a reference, it may not be in the context or its toString() returned null. /templates/entity.java.vm[line 88, column 30]
2019-07-08 17:05:57,550 - Left side (${versionFieldName}) of '==' operation has null value. If it is a reference, it may not be in the context or its toString() returned null. /templates/entity.java.vm[line 84, column 26]
2019-07-08 17:05:57,551 - Left side (${logicDeleteFieldName}) of '==' operation has null value. If it is a reference, it may not be in the context or its toString() returned null. /templates/entity.java.vm[line 88, column 30]
2019-07-08 17:05:57,551 - Left side (${versionFieldName}) of '==' operation has null value. If it is a reference, it may not be in the context or its toString() returned null. /templates/entity.java.vm[line 84, column 26]
2019-07-08 17:05:57,551 - Left side (${logicDeleteFieldName}) of '==' operation has null value. If it is a reference, it may not be in the context or its toString() returned null. /templates/entity.java.vm[line 88, column 30]
2019-07-08 17:05:57,554 - ResourceManager : found /templates/mapper.java.vm with loader org.apache.velocity.runtime.resource.loader.ClasspathResourceLoader
2019-07-08 17:05:57,579 - ResourceManager : found /templates/mapper.xml.vm with loader org.apache.velocity.runtime.resource.loader.ClasspathResourceLoader
2019-07-08 17:06:54,607 - Log4JLogChute initialized using file 'velocity.log'
2019-07-08 17:06:54,607 - Initializing Velocity, Calling init()...
2019-07-08 17:06:54,607 - Starting Apache Velocity v1.7 (compiled: 2010-11-19 12:14:37)
2019-07-08 17:06:54,608 - Default Properties File: org\apache\velocity\runtime\defaults\velocity.properties
2019-07-08 17:06:54,608 - Trying to use logger class org.apache.velocity.runtime.log.AvalonLogChute
2019-07-08 17:06:54,608 - Target log system for org.apache.velocity.runtime.log.AvalonLogChute is not available (java.lang.NoClassDefFoundError: org/apache/log/format/Formatter).  Falling back to next log system...
2019-07-08 17:06:54,608 - Trying to use logger class org.apache.velocity.runtime.log.Log4JLogChute
2019-07-08 17:06:54,608 - Using logger class org.apache.velocity.runtime.log.Log4JLogChute
2019-07-08 17:06:54,612 - ResourceLoader instantiated: org.apache.velocity.runtime.resource.loader.ClasspathResourceLoader
2019-07-08 17:06:54,632 - ResourceCache: initialized (class org.apache.velocity.runtime.resource.ResourceCacheImpl) with class java.util.Collections$SynchronizedMap cache map.
2019-07-08 17:06:54,634 - Loaded System Directive: org.apache.velocity.runtime.directive.Stop
2019-07-08 17:06:54,636 - Loaded System Directive: org.apache.velocity.runtime.directive.Define
2019-07-08 17:06:54,636 - Loaded System Directive: org.apache.velocity.runtime.directive.Break
2019-07-08 17:06:54,638 - Loaded System Directive: org.apache.velocity.runtime.directive.Evaluate
2019-07-08 17:06:54,641 - Loaded System Directive: org.apache.velocity.runtime.directive.Literal
2019-07-08 17:06:54,643 - Loaded System Directive: org.apache.velocity.runtime.directive.Macro
2019-07-08 17:06:54,644 - Loaded System Directive: org.apache.velocity.runtime.directive.Parse
2019-07-08 17:06:54,646 - Loaded System Directive: org.apache.velocity.runtime.directive.Include
2019-07-08 17:06:54,647 - Loaded System Directive: org.apache.velocity.runtime.directive.Foreach
2019-07-08 17:06:54,685 - Created '20' parsers.
2019-07-08 17:06:54,701 - Velocimacro : "velocimacro.library" is not set.  Trying default library: VM_global_library.vm
2019-07-08 17:06:54,703 - Could not load resource 'VM_global_library.vm' from ResourceLoader org.apache.velocity.runtime.resource.loader.ClasspathResourceLoader: ClasspathResourceLoader Error: cannot find resource VM_global_library.vm
2019-07-08 17:06:54,703 - Velocimacro : Default library not found.
2019-07-08 17:06:54,703 - Velocimacro : allowInline = true : VMs can be defined inline in templates
2019-07-08 17:06:54,703 - Velocimacro : allowInlineToOverride = false : VMs defined inline may NOT replace previous VM definitions
2019-07-08 17:06:54,703 - Velocimacro : allowInlineLocal = false : VMs defined inline will be global in scope if allowed.
2019-07-08 17:06:54,703 - Velocimacro : autoload off : VM system will not automatically reload global library macros
2019-07-08 17:06:54,789 - ResourceManager : found /templates/entity.java.vm with loader org.apache.velocity.runtime.resource.loader.ClasspathResourceLoader
2019-07-08 17:06:54,806 - Left side (${versionFieldName}) of '==' operation has null value. If it is a reference, it may not be in the context or its toString() returned null. /templates/entity.java.vm[line 84, column 26]
2019-07-08 17:06:54,807 - Left side (${logicDeleteFieldName}) of '==' operation has null value. If it is a reference, it may not be in the context or its toString() returned null. /templates/entity.java.vm[line 88, column 30]
2019-07-08 17:06:54,807 - Left side (${versionFieldName}) of '==' operation has null value. If it is a reference, it may not be in the context or its toString() returned null. /templates/entity.java.vm[line 84, column 26]
2019-07-08 17:06:54,807 - Left side (${logicDeleteFieldName}) of '==' operation has null value. If it is a reference, it may not be in the context or its toString() returned null. /templates/entity.java.vm[line 88, column 30]
2019-07-08 17:06:54,807 - Left side (${versionFieldName}) of '==' operation has null value. If it is a reference, it may not be in the context or its toString() returned null. /templates/entity.java.vm[line 84, column 26]
2019-07-08 17:06:54,807 - Left side (${logicDeleteFieldName}) of '==' operation has null value. If it is a reference, it may not be in the context or its toString() returned null. /templates/entity.java.vm[line 88, column 30]
2019-07-08 17:06:54,808 - Left side (${versionFieldName}) of '==' operation has null value. If it is a reference, it may not be in the context or its toString() returned null. /templates/entity.java.vm[line 84, column 26]
2019-07-08 17:06:54,808 - Left side (${logicDeleteFieldName}) of '==' operation has null value. If it is a reference, it may not be in the context or its toString() returned null. /templates/entity.java.vm[line 88, column 30]
2019-07-08 17:06:54,808 - Left side (${versionFieldName}) of '==' operation has null value. If it is a reference, it may not be in the context or its toString() returned null. /templates/entity.java.vm[line 84, column 26]
2019-07-08 17:06:54,808 - Left side (${logicDeleteFieldName}) of '==' operation has null value. If it is a reference, it may not be in the context or its toString() returned null. /templates/entity.java.vm[line 88, column 30]
2019-07-08 17:06:54,812 - ResourceManager : found /templates/mapper.java.vm with loader org.apache.velocity.runtime.resource.loader.ClasspathResourceLoader
2019-07-08 17:06:54,836 - ResourceManager : found /templates/mapper.xml.vm with loader org.apache.velocity.runtime.resource.loader.ClasspathResourceLoader
2019-07-08 17:08:55,361 - Log4JLogChute initialized using file 'velocity.log'
2019-07-08 17:08:55,361 - Initializing Velocity, Calling init()...
2019-07-08 17:08:55,361 - Starting Apache Velocity v1.7 (compiled: 2010-11-19 12:14:37)
2019-07-08 17:08:55,361 - Default Properties File: org\apache\velocity\runtime\defaults\velocity.properties
2019-07-08 17:08:55,361 - Trying to use logger class org.apache.velocity.runtime.log.AvalonLogChute
2019-07-08 17:08:55,361 - Target log system for org.apache.velocity.runtime.log.AvalonLogChute is not available (java.lang.NoClassDefFoundError: org/apache/log/format/Formatter).  Falling back to next log system...
2019-07-08 17:08:55,361 - Trying to use logger class org.apache.velocity.runtime.log.Log4JLogChute
2019-07-08 17:08:55,361 - Using logger class org.apache.velocity.runtime.log.Log4JLogChute
2019-07-08 17:08:55,365 - ResourceLoader instantiated: org.apache.velocity.runtime.resource.loader.ClasspathResourceLoader
2019-07-08 17:08:55,382 - ResourceCache: initialized (class org.apache.velocity.runtime.resource.ResourceCacheImpl) with class java.util.Collections$SynchronizedMap cache map.
2019-07-08 17:08:55,384 - Loaded System Directive: org.apache.velocity.runtime.directive.Stop
2019-07-08 17:08:55,385 - Loaded System Directive: org.apache.velocity.runtime.directive.Define
2019-07-08 17:08:55,387 - Loaded System Directive: org.apache.velocity.runtime.directive.Break
2019-07-08 17:08:55,388 - Loaded System Directive: org.apache.velocity.runtime.directive.Evaluate
2019-07-08 17:08:55,389 - Loaded System Directive: org.apache.velocity.runtime.directive.Literal
2019-07-08 17:08:55,390 - Loaded System Directive: org.apache.velocity.runtime.directive.Macro
2019-07-08 17:08:55,392 - Loaded System Directive: org.apache.velocity.runtime.directive.Parse
2019-07-08 17:08:55,394 - Loaded System Directive: org.apache.velocity.runtime.directive.Include
2019-07-08 17:08:55,395 - Loaded System Directive: org.apache.velocity.runtime.directive.Foreach
2019-07-08 17:08:55,425 - Created '20' parsers.
2019-07-08 17:08:55,432 - Velocimacro : "velocimacro.library" is not set.  Trying default library: VM_global_library.vm
2019-07-08 17:08:55,433 - Could not load resource 'VM_global_library.vm' from ResourceLoader org.apache.velocity.runtime.resource.loader.ClasspathResourceLoader: ClasspathResourceLoader Error: cannot find resource VM_global_library.vm
2019-07-08 17:08:55,433 - Velocimacro : Default library not found.
2019-07-08 17:08:55,433 - Velocimacro : allowInline = true : VMs can be defined inline in templates
2019-07-08 17:08:55,433 - Velocimacro : allowInlineToOverride = false : VMs defined inline may NOT replace previous VM definitions
2019-07-08 17:08:55,433 - Velocimacro : allowInlineLocal = false : VMs defined inline will be global in scope if allowed.
2019-07-08 17:08:55,433 - Velocimacro : autoload off : VM system will not automatically reload global library macros
2019-07-08 17:08:55,484 - ResourceManager : found /templates/entity.java.vm with loader org.apache.velocity.runtime.resource.loader.ClasspathResourceLoader
2019-07-08 17:08:55,495 - Left side (${versionFieldName}) of '==' operation has null value. If it is a reference, it may not be in the context or its toString() returned null. /templates/entity.java.vm[line 84, column 26]
2019-07-08 17:08:55,495 - Left side (${logicDeleteFieldName}) of '==' operation has null value. If it is a reference, it may not be in the context or its toString() returned null. /templates/entity.java.vm[line 88, column 30]
2019-07-08 17:08:55,495 - Left side (${versionFieldName}) of '==' operation has null value. If it is a reference, it may not be in the context or its toString() returned null. /templates/entity.java.vm[line 84, column 26]
2019-07-08 17:08:55,495 - Left side (${logicDeleteFieldName}) of '==' operation has null value. If it is a reference, it may not be in the context or its toString() returned null. /templates/entity.java.vm[line 88, column 30]
2019-07-08 17:08:55,495 - Left side (${versionFieldName}) of '==' operation has null value. If it is a reference, it may not be in the context or its toString() returned null. /templates/entity.java.vm[line 84, column 26]
2019-07-08 17:08:55,495 - Left side (${logicDeleteFieldName}) of '==' operation has null value. If it is a reference, it may not be in the context or its toString() returned null. /templates/entity.java.vm[line 88, column 30]
2019-07-08 17:08:55,496 - Left side (${versionFieldName}) of '==' operation has null value. If it is a reference, it may not be in the context or its toString() returned null. /templates/entity.java.vm[line 84, column 26]
2019-07-08 17:08:55,496 - Left side (${logicDeleteFieldName}) of '==' operation has null value. If it is a reference, it may not be in the context or its toString() returned null. /templates/entity.java.vm[line 88, column 30]
2019-07-08 17:08:55,496 - Left side (${versionFieldName}) of '==' operation has null value. If it is a reference, it may not be in the context or its toString() returned null. /templates/entity.java.vm[line 84, column 26]
2019-07-08 17:08:55,496 - Left side (${logicDeleteFieldName}) of '==' operation has null value. If it is a reference, it may not be in the context or its toString() returned null. /templates/entity.java.vm[line 88, column 30]
2019-07-08 17:08:55,498 - ResourceManager : found /templates/mapper.java.vm with loader org.apache.velocity.runtime.resource.loader.ClasspathResourceLoader
2019-07-08 17:08:55,506 - ResourceManager : found /templates/mapper.xml.vm with loader org.apache.velocity.runtime.resource.loader.ClasspathResourceLoader
2019-07-08 17:11:22,146 - Log4JLogChute initialized using file 'velocity.log'
2019-07-08 17:11:22,147 - Initializing Velocity, Calling init()...
2019-07-08 17:11:22,147 - Starting Apache Velocity v1.7 (compiled: 2010-11-19 12:14:37)
2019-07-08 17:11:22,147 - Default Properties File: org\apache\velocity\runtime\defaults\velocity.properties
2019-07-08 17:11:22,147 - Trying to use logger class org.apache.velocity.runtime.log.AvalonLogChute
2019-07-08 17:11:22,147 - Target log system for org.apache.velocity.runtime.log.AvalonLogChute is not available (java.lang.NoClassDefFoundError: org/apache/log/format/Formatter).  Falling back to next log system...
2019-07-08 17:11:22,147 - Trying to use logger class org.apache.velocity.runtime.log.Log4JLogChute
2019-07-08 17:11:22,147 - Using logger class org.apache.velocity.runtime.log.Log4JLogChute
2019-07-08 17:11:22,152 - ResourceLoader instantiated: org.apache.velocity.runtime.resource.loader.ClasspathResourceLoader
2019-07-08 17:11:22,169 - ResourceCache: initialized (class org.apache.velocity.runtime.resource.ResourceCacheImpl) with class java.util.Collections$SynchronizedMap cache map.
2019-07-08 17:11:22,171 - Loaded System Directive: org.apache.velocity.runtime.directive.Stop
2019-07-08 17:11:22,172 - Loaded System Directive: org.apache.velocity.runtime.directive.Define
2019-07-08 17:11:22,173 - Loaded System Directive: org.apache.velocity.runtime.directive.Break
2019-07-08 17:11:22,174 - Loaded System Directive: org.apache.velocity.runtime.directive.Evaluate
2019-07-08 17:11:22,175 - Loaded System Directive: org.apache.velocity.runtime.directive.Literal
2019-07-08 17:11:22,177 - Loaded System Directive: org.apache.velocity.runtime.directive.Macro
2019-07-08 17:11:22,178 - Loaded System Directive: org.apache.velocity.runtime.directive.Parse
2019-07-08 17:11:22,180 - Loaded System Directive: org.apache.velocity.runtime.directive.Include
2019-07-08 17:11:22,182 - Loaded System Directive: org.apache.velocity.runtime.directive.Foreach
2019-07-08 17:11:22,230 - Created '20' parsers.
2019-07-08 17:11:22,245 - Velocimacro : "velocimacro.library" is not set.  Trying default library: VM_global_library.vm
2019-07-08 17:11:22,246 - Could not load resource 'VM_global_library.vm' from ResourceLoader org.apache.velocity.runtime.resource.loader.ClasspathResourceLoader: ClasspathResourceLoader Error: cannot find resource VM_global_library.vm
2019-07-08 17:11:22,246 - Velocimacro : Default library not found.
2019-07-08 17:11:22,246 - Velocimacro : allowInline = true : VMs can be defined inline in templates
2019-07-08 17:11:22,246 - Velocimacro : allowInlineToOverride = false : VMs defined inline may NOT replace previous VM definitions
2019-07-08 17:11:22,246 - Velocimacro : allowInlineLocal = false : VMs defined inline will be global in scope if allowed.
2019-07-08 17:11:22,247 - Velocimacro : autoload off : VM system will not automatically reload global library macros
2019-07-08 17:11:22,299 - ResourceManager : found /templates/entity.java.vm with loader org.apache.velocity.runtime.resource.loader.ClasspathResourceLoader
2019-07-08 17:11:22,323 - Left side (${versionFieldName}) of '==' operation has null value. If it is a reference, it may not be in the context or its toString() returned null. /templates/entity.java.vm[line 84, column 26]
2019-07-08 17:11:22,323 - Left side (${logicDeleteFieldName}) of '==' operation has null value. If it is a reference, it may not be in the context or its toString() returned null. /templates/entity.java.vm[line 88, column 30]
2019-07-08 17:11:22,324 - Left side (${versionFieldName}) of '==' operation has null value. If it is a reference, it may not be in the context or its toString() returned null. /templates/entity.java.vm[line 84, column 26]
2019-07-08 17:11:22,324 - Left side (${logicDeleteFieldName}) of '==' operation has null value. If it is a reference, it may not be in the context or its toString() returned null. /templates/entity.java.vm[line 88, column 30]
2019-07-08 17:11:22,324 - Left side (${versionFieldName}) of '==' operation has null value. If it is a reference, it may not be in the context or its toString() returned null. /templates/entity.java.vm[line 84, column 26]
2019-07-08 17:11:22,324 - Left side (${logicDeleteFieldName}) of '==' operation has null value. If it is a reference, it may not be in the context or its toString() returned null. /templates/entity.java.vm[line 88, column 30]
2019-07-08 17:11:22,324 - Left side (${versionFieldName}) of '==' operation has null value. If it is a reference, it may not be in the context or its toString() returned null. /templates/entity.java.vm[line 84, column 26]
2019-07-08 17:11:22,324 - Left side (${logicDeleteFieldName}) of '==' operation has null value. If it is a reference, it may not be in the context or its toString() returned null. /templates/entity.java.vm[line 88, column 30]
2019-07-08 17:11:22,324 - Left side (${versionFieldName}) of '==' operation has null value. If it is a reference, it may not be in the context or its toString() returned null. /templates/entity.java.vm[line 84, column 26]
2019-07-08 17:11:22,325 - Left side (${logicDeleteFieldName}) of '==' operation has null value. If it is a reference, it may not be in the context or its toString() returned null. /templates/entity.java.vm[line 88, column 30]
2019-07-08 17:11:22,331 - ResourceManager : found /templates/mapper.java.vm with loader org.apache.velocity.runtime.resource.loader.ClasspathResourceLoader
2019-07-08 17:11:22,346 - ResourceManager : found /templates/mapper.xml.vm with loader org.apache.velocity.runtime.resource.loader.ClasspathResourceLoader
2019-07-08 17:17:52,811 - Log4JLogChute initialized using file 'velocity.log'
2019-07-08 17:17:52,812 - Initializing Velocity, Calling init()...
2019-07-08 17:17:52,812 - Starting Apache Velocity v1.7 (compiled: 2010-11-19 12:14:37)
2019-07-08 17:17:52,812 - Default Properties File: org\apache\velocity\runtime\defaults\velocity.properties
2019-07-08 17:17:52,812 - Trying to use logger class org.apache.velocity.runtime.log.AvalonLogChute
2019-07-08 17:17:52,812 - Target log system for org.apache.velocity.runtime.log.AvalonLogChute is not available (java.lang.NoClassDefFoundError: org/apache/log/format/Formatter).  Falling back to next log system...
2019-07-08 17:17:52,813 - Trying to use logger class org.apache.velocity.runtime.log.Log4JLogChute
2019-07-08 17:17:52,813 - Using logger class org.apache.velocity.runtime.log.Log4JLogChute
2019-07-08 17:17:52,819 - ResourceLoader instantiated: org.apache.velocity.runtime.resource.loader.ClasspathResourceLoader
2019-07-08 17:17:52,837 - ResourceCache: initialized (class org.apache.velocity.runtime.resource.ResourceCacheImpl) with class java.util.Collections$SynchronizedMap cache map.
2019-07-08 17:17:52,839 - Loaded System Directive: org.apache.velocity.runtime.directive.Stop
2019-07-08 17:17:52,841 - Loaded System Directive: org.apache.velocity.runtime.directive.Define
2019-07-08 17:17:52,843 - Loaded System Directive: org.apache.velocity.runtime.directive.Break
2019-07-08 17:17:52,843 - Loaded System Directive: org.apache.velocity.runtime.directive.Evaluate
2019-07-08 17:17:52,844 - Loaded System Directive: org.apache.velocity.runtime.directive.Literal
2019-07-08 17:17:52,845 - Loaded System Directive: org.apache.velocity.runtime.directive.Macro
2019-07-08 17:17:52,848 - Loaded System Directive: org.apache.velocity.runtime.directive.Parse
2019-07-08 17:17:52,850 - Loaded System Directive: org.apache.velocity.runtime.directive.Include
2019-07-08 17:17:52,851 - Loaded System Directive: org.apache.velocity.runtime.directive.Foreach
2019-07-08 17:17:52,895 - Created '20' parsers.
2019-07-08 17:17:52,902 - Velocimacro : "velocimacro.library" is not set.  Trying default library: VM_global_library.vm
2019-07-08 17:17:52,903 - Could not load resource 'VM_global_library.vm' from ResourceLoader org.apache.velocity.runtime.resource.loader.ClasspathResourceLoader: ClasspathResourceLoader Error: cannot find resource VM_global_library.vm
2019-07-08 17:17:52,904 - Velocimacro : Default library not found.
2019-07-08 17:17:52,904 - Velocimacro : allowInline = true : VMs can be defined inline in templates
2019-07-08 17:17:52,904 - Velocimacro : allowInlineToOverride = false : VMs defined inline may NOT replace previous VM definitions
2019-07-08 17:17:52,904 - Velocimacro : allowInlineLocal = false : VMs defined inline will be global in scope if allowed.
2019-07-08 17:17:52,904 - Velocimacro : autoload off : VM system will not automatically reload global library macros
2019-07-08 17:17:52,949 - ResourceManager : found /templates/entity.java.vm with loader org.apache.velocity.runtime.resource.loader.ClasspathResourceLoader
2019-07-08 17:17:52,959 - Left side (${versionFieldName}) of '==' operation has null value. If it is a reference, it may not be in the context or its toString() returned null. /templates/entity.java.vm[line 84, column 26]
2019-07-08 17:17:52,959 - Left side (${logicDeleteFieldName}) of '==' operation has null value. If it is a reference, it may not be in the context or its toString() returned null. /templates/entity.java.vm[line 88, column 30]
2019-07-08 17:17:52,960 - Left side (${versionFieldName}) of '==' operation has null value. If it is a reference, it may not be in the context or its toString() returned null. /templates/entity.java.vm[line 84, column 26]
2019-07-08 17:17:52,960 - Left side (${logicDeleteFieldName}) of '==' operation has null value. If it is a reference, it may not be in the context or its toString() returned null. /templates/entity.java.vm[line 88, column 30]
2019-07-08 17:17:52,960 - Left side (${versionFieldName}) of '==' operation has null value. If it is a reference, it may not be in the context or its toString() returned null. /templates/entity.java.vm[line 84, column 26]
2019-07-08 17:17:52,960 - Left side (${logicDeleteFieldName}) of '==' operation has null value. If it is a reference, it may not be in the context or its toString() returned null. /templates/entity.java.vm[line 88, column 30]
2019-07-08 17:17:52,960 - Left side (${versionFieldName}) of '==' operation has null value. If it is a reference, it may not be in the context or its toString() returned null. /templates/entity.java.vm[line 84, column 26]
2019-07-08 17:17:52,960 - Left side (${logicDeleteFieldName}) of '==' operation has null value. If it is a reference, it may not be in the context or its toString() returned null. /templates/entity.java.vm[line 88, column 30]
2019-07-08 17:17:52,960 - Left side (${versionFieldName}) of '==' operation has null value. If it is a reference, it may not be in the context or its toString() returned null. /templates/entity.java.vm[line 84, column 26]
2019-07-08 17:17:52,960 - Left side (${logicDeleteFieldName}) of '==' operation has null value. If it is a reference, it may not be in the context or its toString() returned null. /templates/entity.java.vm[line 88, column 30]
2019-07-08 17:17:52,963 - ResourceManager : found /templates/mapper.java.vm with loader org.apache.velocity.runtime.resource.loader.ClasspathResourceLoader
2019-07-08 17:17:52,972 - ResourceManager : found /templates/mapper.xml.vm with loader org.apache.velocity.runtime.resource.loader.ClasspathResourceLoader
2019-07-08 17:19:33,940 - Log4JLogChute initialized using file 'velocity.log'
2019-07-08 17:19:33,940 - Initializing Velocity, Calling init()...
2019-07-08 17:19:33,940 - Starting Apache Velocity v1.7 (compiled: 2010-11-19 12:14:37)
2019-07-08 17:19:33,940 - Default Properties File: org\apache\velocity\runtime\defaults\velocity.properties
2019-07-08 17:19:33,940 - Trying to use logger class org.apache.velocity.runtime.log.AvalonLogChute
2019-07-08 17:19:33,941 - Target log system for org.apache.velocity.runtime.log.AvalonLogChute is not available (java.lang.NoClassDefFoundError: org/apache/log/format/Formatter).  Falling back to next log system...
2019-07-08 17:19:33,941 - Trying to use logger class org.apache.velocity.runtime.log.Log4JLogChute
2019-07-08 17:19:33,941 - Using logger class org.apache.velocity.runtime.log.Log4JLogChute
2019-07-08 17:19:33,947 - ResourceLoader instantiated: org.apache.velocity.runtime.resource.loader.ClasspathResourceLoader
2019-07-08 17:19:33,968 - ResourceCache: initialized (class org.apache.velocity.runtime.resource.ResourceCacheImpl) with class java.util.Collections$SynchronizedMap cache map.
2019-07-08 17:19:33,969 - Loaded System Directive: org.apache.velocity.runtime.directive.Stop
2019-07-08 17:19:33,971 - Loaded System Directive: org.apache.velocity.runtime.directive.Define
2019-07-08 17:19:33,972 - Loaded System Directive: org.apache.velocity.runtime.directive.Break
2019-07-08 17:19:33,973 - Loaded System Directive: org.apache.velocity.runtime.directive.Evaluate
2019-07-08 17:19:33,974 - Loaded System Directive: org.apache.velocity.runtime.directive.Literal
2019-07-08 17:19:33,976 - Loaded System Directive: org.apache.velocity.runtime.directive.Macro
2019-07-08 17:19:33,978 - Loaded System Directive: org.apache.velocity.runtime.directive.Parse
2019-07-08 17:19:33,980 - Loaded System Directive: org.apache.velocity.runtime.directive.Include
2019-07-08 17:19:33,982 - Loaded System Directive: org.apache.velocity.runtime.directive.Foreach
2019-07-08 17:19:34,052 - Created '20' parsers.
2019-07-08 17:19:34,067 - Velocimacro : "velocimacro.library" is not set.  Trying default library: VM_global_library.vm
2019-07-08 17:19:34,069 - Could not load resource 'VM_global_library.vm' from ResourceLoader org.apache.velocity.runtime.resource.loader.ClasspathResourceLoader: ClasspathResourceLoader Error: cannot find resource VM_global_library.vm
2019-07-08 17:19:34,069 - Velocimacro : Default library not found.
2019-07-08 17:19:34,069 - Velocimacro : allowInline = true : VMs can be defined inline in templates
2019-07-08 17:19:34,069 - Velocimacro : allowInlineToOverride = false : VMs defined inline may NOT replace previous VM definitions
2019-07-08 17:19:34,069 - Velocimacro : allowInlineLocal = false : VMs defined inline will be global in scope if allowed.
2019-07-08 17:19:34,069 - Velocimacro : autoload off : VM system will not automatically reload global library macros
2019-07-08 17:19:34,139 - ResourceManager : found /templates/entity.java.vm with loader org.apache.velocity.runtime.resource.loader.ClasspathResourceLoader
2019-07-08 17:19:34,154 - Left side (${versionFieldName}) of '==' operation has null value. If it is a reference, it may not be in the context or its toString() returned null. /templates/entity.java.vm[line 84, column 26]
2019-07-08 17:19:34,154 - Left side (${logicDeleteFieldName}) of '==' operation has null value. If it is a reference, it may not be in the context or its toString() returned null. /templates/entity.java.vm[line 88, column 30]
2019-07-08 17:19:34,154 - Left side (${versionFieldName}) of '==' operation has null value. If it is a reference, it may not be in the context or its toString() returned null. /templates/entity.java.vm[line 84, column 26]
2019-07-08 17:19:34,154 - Left side (${logicDeleteFieldName}) of '==' operation has null value. If it is a reference, it may not be in the context or its toString() returned null. /templates/entity.java.vm[line 88, column 30]
2019-07-08 17:19:34,154 - Left side (${versionFieldName}) of '==' operation has null value. If it is a reference, it may not be in the context or its toString() returned null. /templates/entity.java.vm[line 84, column 26]
2019-07-08 17:19:34,155 - Left side (${logicDeleteFieldName}) of '==' operation has null value. If it is a reference, it may not be in the context or its toString() returned null. /templates/entity.java.vm[line 88, column 30]
2019-07-08 17:19:34,155 - Left side (${versionFieldName}) of '==' operation has null value. If it is a reference, it may not be in the context or its toString() returned null. /templates/entity.java.vm[line 84, column 26]
2019-07-08 17:19:34,155 - Left side (${logicDeleteFieldName}) of '==' operation has null value. If it is a reference, it may not be in the context or its toString() returned null. /templates/entity.java.vm[line 88, column 30]
2019-07-08 17:19:34,155 - Left side (${versionFieldName}) of '==' operation has null value. If it is a reference, it may not be in the context or its toString() returned null. /templates/entity.java.vm[line 84, column 26]
2019-07-08 17:19:34,155 - Left side (${logicDeleteFieldName}) of '==' operation has null value. If it is a reference, it may not be in the context or its toString() returned null. /templates/entity.java.vm[line 88, column 30]
2019-07-08 17:19:34,157 - ResourceManager : found /templates/mapper.java.vm with loader org.apache.velocity.runtime.resource.loader.ClasspathResourceLoader
2019-07-08 17:19:34,168 - ResourceManager : found /templates/mapper.xml.vm with loader org.apache.velocity.runtime.resource.loader.ClasspathResourceLoader
2019-07-08 17:20:44,122 - Log4JLogChute initialized using file 'velocity.log'
2019-07-08 17:20:44,123 - Initializing Velocity, Calling init()...
2019-07-08 17:20:44,123 - Starting Apache Velocity v1.7 (compiled: 2010-11-19 12:14:37)
2019-07-08 17:20:44,123 - Default Properties File: org\apache\velocity\runtime\defaults\velocity.properties
2019-07-08 17:20:44,123 - Trying to use logger class org.apache.velocity.runtime.log.AvalonLogChute
2019-07-08 17:20:44,123 - Target log system for org.apache.velocity.runtime.log.AvalonLogChute is not available (java.lang.NoClassDefFoundError: org/apache/log/format/Formatter).  Falling back to next log system...
2019-07-08 17:20:44,123 - Trying to use logger class org.apache.velocity.runtime.log.Log4JLogChute
2019-07-08 17:20:44,123 - Using logger class org.apache.velocity.runtime.log.Log4JLogChute
2019-07-08 17:20:44,128 - ResourceLoader instantiated: org.apache.velocity.runtime.resource.loader.ClasspathResourceLoader
2019-07-08 17:20:44,146 - ResourceCache: initialized (class org.apache.velocity.runtime.resource.ResourceCacheImpl) with class java.util.Collections$SynchronizedMap cache map.
2019-07-08 17:20:44,149 - Loaded System Directive: org.apache.velocity.runtime.directive.Stop
2019-07-08 17:20:44,151 - Loaded System Directive: org.apache.velocity.runtime.directive.Define
2019-07-08 17:20:44,153 - Loaded System Directive: org.apache.velocity.runtime.directive.Break
2019-07-08 17:20:44,155 - Loaded System Directive: org.apache.velocity.runtime.directive.Evaluate
2019-07-08 17:20:44,155 - Loaded System Directive: org.apache.velocity.runtime.directive.Literal
2019-07-08 17:20:44,157 - Loaded System Directive: org.apache.velocity.runtime.directive.Macro
2019-07-08 17:20:44,159 - Loaded System Directive: org.apache.velocity.runtime.directive.Parse
2019-07-08 17:20:44,161 - Loaded System Directive: org.apache.velocity.runtime.directive.Include
2019-07-08 17:20:44,162 - Loaded System Directive: org.apache.velocity.runtime.directive.Foreach
2019-07-08 17:20:44,205 - Created '20' parsers.
2019-07-08 17:20:44,231 - Velocimacro : "velocimacro.library" is not set.  Trying default library: VM_global_library.vm
2019-07-08 17:20:44,232 - Could not load resource 'VM_global_library.vm' from ResourceLoader org.apache.velocity.runtime.resource.loader.ClasspathResourceLoader: ClasspathResourceLoader Error: cannot find resource VM_global_library.vm
2019-07-08 17:20:44,233 - Velocimacro : Default library not found.
2019-07-08 17:20:44,233 - Velocimacro : allowInline = true : VMs can be defined inline in templates
2019-07-08 17:20:44,233 - Velocimacro : allowInlineToOverride = false : VMs defined inline may NOT replace previous VM definitions
2019-07-08 17:20:44,233 - Velocimacro : allowInlineLocal = false : VMs defined inline will be global in scope if allowed.
2019-07-08 17:20:44,233 - Velocimacro : autoload off : VM system will not automatically reload global library macros
2019-07-08 17:20:44,283 - ResourceManager : found /templates/entity.java.vm with loader org.apache.velocity.runtime.resource.loader.ClasspathResourceLoader
2019-07-08 17:20:44,298 - Left side (${versionFieldName}) of '==' operation has null value. If it is a reference, it may not be in the context or its toString() returned null. /templates/entity.java.vm[line 84, column 26]
2019-07-08 17:20:44,298 - Left side (${logicDeleteFieldName}) of '==' operation has null value. If it is a reference, it may not be in the context or its toString() returned null. /templates/entity.java.vm[line 88, column 30]
2019-07-08 17:20:44,299 - Left side (${versionFieldName}) of '==' operation has null value. If it is a reference, it may not be in the context or its toString() returned null. /templates/entity.java.vm[line 84, column 26]
2019-07-08 17:20:44,299 - Left side (${logicDeleteFieldName}) of '==' operation has null value. If it is a reference, it may not be in the context or its toString() returned null. /templates/entity.java.vm[line 88, column 30]
2019-07-08 17:20:44,299 - Left side (${versionFieldName}) of '==' operation has null value. If it is a reference, it may not be in the context or its toString() returned null. /templates/entity.java.vm[line 84, column 26]
2019-07-08 17:20:44,299 - Left side (${logicDeleteFieldName}) of '==' operation has null value. If it is a reference, it may not be in the context or its toString() returned null. /templates/entity.java.vm[line 88, column 30]
2019-07-08 17:20:44,299 - Left side (${versionFieldName}) of '==' operation has null value. If it is a reference, it may not be in the context or its toString() returned null. /templates/entity.java.vm[line 84, column 26]
2019-07-08 17:20:44,299 - Left side (${logicDeleteFieldName}) of '==' operation has null value. If it is a reference, it may not be in the context or its toString() returned null. /templates/entity.java.vm[line 88, column 30]
2019-07-08 17:20:44,299 - Left side (${versionFieldName}) of '==' operation has null value. If it is a reference, it may not be in the context or its toString() returned null. /templates/entity.java.vm[line 84, column 26]
2019-07-08 17:20:44,299 - Left side (${logicDeleteFieldName}) of '==' operation has null value. If it is a reference, it may not be in the context or its toString() returned null. /templates/entity.java.vm[line 88, column 30]
2019-07-08 17:20:44,302 - ResourceManager : found /templates/mapper.java.vm with loader org.apache.velocity.runtime.resource.loader.ClasspathResourceLoader
2019-07-08 17:20:44,310 - ResourceManager : found /templates/mapper.xml.vm with loader org.apache.velocity.runtime.resource.loader.ClasspathResourceLoader
2019-07-08 17:20:44,318 - ResourceManager : found /templates/service.java.vm with loader org.apache.velocity.runtime.resource.loader.ClasspathResourceLoader
2019-07-08 17:20:44,321 - ResourceManager : found /templates/serviceImpl.java.vm with loader org.apache.velocity.runtime.resource.loader.ClasspathResourceLoader
2019-07-08 17:20:44,324 - ResourceManager : found /templates/controller.java.vm with loader org.apache.velocity.runtime.resource.loader.ClasspathResourceLoader
