2019-06-08 11:18:47 [org.springframework.web.context.ContextLoader]-[INFO] Root WebApplicationContext: initialization started
2019-06-08 11:18:47 [org.springframework.web.context.support.XmlWebApplicationContext]-[INFO] Refreshing Root WebApplicationContext: startup date [Sat Jun 08 11:18:47 CST 2019]; root of context hierarchy
2019-06-08 11:18:47 [org.springframework.beans.factory.xml.XmlBeanDefinitionReader]-[INFO] Loading XML bean definitions from URL [file:/F:/Java/IDEA_WorkSpace/gymsys/gym_web/target/classes/applicationContext.xml]
2019-06-08 11:18:48 [org.springframework.beans.factory.xml.XmlBeanDefinitionReader]-[INFO] Loading XML bean definitions from URL [file:/F:/Java/IDEA_WorkSpace/gymsys/gym_web/target/classes/spring-security.xml]
2019-06-08 11:18:48 [org.springframework.beans.factory.annotation.AutowiredAnnotationBeanPostProcessor]-[INFO] JSR-330 'javax.inject.Inject' annotation found and supported for autowiring
2019-06-08 11:18:48 [com.mchange.v2.log.MLog]-[INFO] MLog clients using log4j logging.
2019-06-08 11:18:48 [com.mchange.v2.c3p0.C3P0Registry]-[INFO] Initializing c3p0-0.9.1.2 [built 21-May-2007 15:04:56; debug? true; trace: 10]
2019-06-08 11:18:49 [org.springframework.web.context.ContextLoader]-[INFO] Root WebApplicationContext: initialization completed in 1486 ms
2019-06-08 11:18:49 [org.springframework.web.context.support.XmlWebApplicationContext]-[INFO] Closing Root WebApplicationContext: startup date [Sat Jun 08 11:18:47 CST 2019]; root of context hierarchy
2019-06-08 11:21:22 [org.springframework.web.context.ContextLoader]-[INFO] Root WebApplicationContext: initialization started
2019-06-08 11:21:23 [org.springframework.web.context.support.XmlWebApplicationContext]-[INFO] Refreshing Root WebApplicationContext: startup date [Sat Jun 08 11:21:23 CST 2019]; root of context hierarchy
2019-06-08 11:21:23 [org.springframework.beans.factory.xml.XmlBeanDefinitionReader]-[INFO] Loading XML bean definitions from URL [file:/F:/Java/IDEA_WorkSpace/gymsys/gym_web/target/classes/applicationContext.xml]
2019-06-08 11:21:23 [org.springframework.beans.factory.xml.XmlBeanDefinitionReader]-[INFO] Loading XML bean definitions from URL [file:/F:/Java/IDEA_WorkSpace/gymsys/gym_web/target/classes/spring-security.xml]
2019-06-08 11:21:23 [org.springframework.beans.factory.annotation.AutowiredAnnotationBeanPostProcessor]-[INFO] JSR-330 'javax.inject.Inject' annotation found and supported for autowiring
2019-06-08 11:21:23 [com.mchange.v2.log.MLog]-[INFO] MLog clients using log4j logging.
2019-06-08 11:21:23 [com.mchange.v2.c3p0.C3P0Registry]-[INFO] Initializing c3p0-0.9.1.2 [built 21-May-2007 15:04:56; debug? true; trace: 10]
2019-06-08 11:21:24 [org.springframework.web.context.ContextLoader]-[INFO] Root WebApplicationContext: initialization completed in 1736 ms
2019-06-08 11:21:24 [org.springframework.web.context.support.XmlWebApplicationContext]-[INFO] Closing Root WebApplicationContext: startup date [Sat Jun 08 11:21:23 CST 2019]; root of context hierarchy
2019-06-08 12:33:51 [org.springframework.web.context.ContextLoader]-[INFO] Root WebApplicationContext: initialization started
2019-06-08 12:33:51 [org.springframework.web.context.support.XmlWebApplicationContext]-[INFO] Refreshing Root WebApplicationContext: startup date [Sat Jun 08 12:33:51 CST 2019]; root of context hierarchy
2019-06-08 12:33:51 [org.springframework.beans.factory.xml.XmlBeanDefinitionReader]-[INFO] Loading XML bean definitions from URL [file:/F:/Java/IDEA_WorkSpace/gymsys/gym_web/target/classes/applicationContext.xml]
2019-06-08 12:33:51 [org.springframework.beans.factory.xml.XmlBeanDefinitionReader]-[INFO] Loading XML bean definitions from URL [file:/F:/Java/IDEA_WorkSpace/gymsys/gym_web/target/classes/spring-security.xml]
2019-06-08 12:33:52 [org.springframework.beans.factory.annotation.AutowiredAnnotationBeanPostProcessor]-[INFO] JSR-330 'javax.inject.Inject' annotation found and supported for autowiring
2019-06-08 12:33:52 [com.mchange.v2.log.MLog]-[INFO] MLog clients using log4j logging.
2019-06-08 12:33:52 [com.mchange.v2.c3p0.C3P0Registry]-[INFO] Initializing c3p0-0.9.1.2 [built 21-May-2007 15:04:56; debug? true; trace: 10]
2019-06-08 12:33:53 [org.springframework.web.context.ContextLoader]-[INFO] Root WebApplicationContext: initialization completed in 2056 ms
2019-06-08 12:33:53 [org.springframework.web.context.support.XmlWebApplicationContext]-[INFO] Closing Root WebApplicationContext: startup date [Sat Jun 08 12:33:51 CST 2019]; root of context hierarchy
2019-06-08 12:35:52 [org.springframework.web.context.ContextLoader]-[INFO] Root WebApplicationContext: initialization started
2019-06-08 12:35:52 [org.springframework.web.context.support.XmlWebApplicationContext]-[INFO] Refreshing Root WebApplicationContext: startup date [Sat Jun 08 12:35:52 CST 2019]; root of context hierarchy
2019-06-08 12:35:52 [org.springframework.beans.factory.xml.XmlBeanDefinitionReader]-[INFO] Loading XML bean definitions from URL [file:/F:/Java/IDEA_WorkSpace/gymsys/gym_web/target/classes/applicationContext.xml]
2019-06-08 12:35:52 [org.springframework.beans.factory.annotation.AutowiredAnnotationBeanPostProcessor]-[INFO] JSR-330 'javax.inject.Inject' annotation found and supported for autowiring
2019-06-08 12:35:52 [com.mchange.v2.log.MLog]-[INFO] MLog clients using log4j logging.
2019-06-08 12:35:52 [com.mchange.v2.c3p0.C3P0Registry]-[INFO] Initializing c3p0-0.9.1.2 [built 21-May-2007 15:04:56; debug? true; trace: 10]
2019-06-08 12:35:53 [org.springframework.web.context.ContextLoader]-[INFO] Root WebApplicationContext: initialization completed in 1574 ms
2019-06-08 12:35:53 [org.springframework.web.servlet.DispatcherServlet]-[INFO] FrameworkServlet 'dispatcherServlet': initialization started
2019-06-08 12:35:53 [org.springframework.web.context.support.XmlWebApplicationContext]-[INFO] Refreshing WebApplicationContext for namespace 'dispatcherServlet-servlet': startup date [Sat Jun 08 12:35:53 CST 2019]; parent: Root WebApplicationContext
2019-06-08 12:35:53 [org.springframework.beans.factory.xml.XmlBeanDefinitionReader]-[INFO] Loading XML bean definitions from class path resource [spring-mvc.xml]
2019-06-08 12:35:54 [org.springframework.beans.factory.annotation.AutowiredAnnotationBeanPostProcessor]-[INFO] JSR-330 'javax.inject.Inject' annotation found and supported for autowiring
2019-06-08 12:35:54 [org.springframework.web.servlet.handler.SimpleUrlHandlerMapping]-[INFO] Mapped URL path [/css/**] onto handler 'org.springframework.web.servlet.resource.ResourceHttpRequestHandler#0'
2019-06-08 12:35:54 [org.springframework.web.servlet.handler.SimpleUrlHandlerMapping]-[INFO] Mapped URL path [/img/**] onto handler 'org.springframework.web.servlet.resource.ResourceHttpRequestHandler#1'
2019-06-08 12:35:54 [org.springframework.web.servlet.handler.SimpleUrlHandlerMapping]-[INFO] Mapped URL path [/js/**] onto handler 'org.springframework.web.servlet.resource.ResourceHttpRequestHandler#2'
2019-06-08 12:35:54 [org.springframework.web.servlet.handler.SimpleUrlHandlerMapping]-[INFO] Mapped URL path [/plugins/**] onto handler 'org.springframework.web.servlet.resource.ResourceHttpRequestHandler#3'
2019-06-08 12:35:54 [org.springframework.web.servlet.mvc.method.annotation.RequestMappingHandlerMapping]-[INFO] Mapped "{[/equipment/findAll.do]}" onto public org.springframework.web.servlet.ModelAndView com.gdou.gym.controller.EquipmentController.findAll(int,int) throws java.lang.Exception
2019-06-08 12:35:54 [org.springframework.web.servlet.mvc.method.annotation.RequestMappingHandlerAdapter]-[INFO] Looking for @ControllerAdvice: WebApplicationContext for namespace 'dispatcherServlet-servlet': startup date [Sat Jun 08 12:35:53 CST 2019]; parent: Root WebApplicationContext
2019-06-08 12:35:54 [org.springframework.web.servlet.mvc.method.annotation.RequestMappingHandlerAdapter]-[INFO] Looking for @ControllerAdvice: WebApplicationContext for namespace 'dispatcherServlet-servlet': startup date [Sat Jun 08 12:35:53 CST 2019]; parent: Root WebApplicationContext
2019-06-08 12:35:55 [org.springframework.web.servlet.DispatcherServlet]-[INFO] FrameworkServlet 'dispatcherServlet': initialization completed in 1306 ms
2019-06-08 15:05:16 [org.springframework.web.context.ContextLoader]-[INFO] Root WebApplicationContext: initialization started
2019-06-08 15:05:16 [org.springframework.web.context.support.XmlWebApplicationContext]-[INFO] Refreshing Root WebApplicationContext: startup date [Sat Jun 08 15:05:16 CST 2019]; root of context hierarchy
2019-06-08 15:05:16 [org.springframework.beans.factory.xml.XmlBeanDefinitionReader]-[INFO] Loading XML bean definitions from URL [file:/F:/Java/IDEA_WorkSpace/gymsys/gym_web/target/classes/applicationContext.xml]
2019-06-08 15:05:18 [org.springframework.beans.factory.annotation.AutowiredAnnotationBeanPostProcessor]-[INFO] JSR-330 'javax.inject.Inject' annotation found and supported for autowiring
2019-06-08 15:05:18 [com.mchange.v2.log.MLog]-[INFO] MLog clients using log4j logging.
2019-06-08 15:05:19 [com.mchange.v2.c3p0.C3P0Registry]-[INFO] Initializing c3p0-0.9.1.2 [built 21-May-2007 15:04:56; debug? true; trace: 10]
2019-06-08 15:05:19 [org.springframework.web.context.ContextLoader]-[INFO] Root WebApplicationContext: initialization completed in 3443 ms
2019-06-08 15:05:19 [org.springframework.web.servlet.DispatcherServlet]-[INFO] FrameworkServlet 'dispatcherServlet': initialization started
2019-06-08 15:05:19 [org.springframework.web.context.support.XmlWebApplicationContext]-[INFO] Refreshing WebApplicationContext for namespace 'dispatcherServlet-servlet': startup date [Sat Jun 08 15:05:19 CST 2019]; parent: Root WebApplicationContext
2019-06-08 15:05:19 [org.springframework.beans.factory.xml.XmlBeanDefinitionReader]-[INFO] Loading XML bean definitions from class path resource [spring-mvc.xml]
2019-06-08 15:05:20 [org.springframework.beans.factory.annotation.AutowiredAnnotationBeanPostProcessor]-[INFO] JSR-330 'javax.inject.Inject' annotation found and supported for autowiring
2019-06-08 15:05:20 [org.springframework.web.servlet.handler.SimpleUrlHandlerMapping]-[INFO] Mapped URL path [/css/**] onto handler 'org.springframework.web.servlet.resource.ResourceHttpRequestHandler#0'
2019-06-08 15:05:21 [org.springframework.web.servlet.handler.SimpleUrlHandlerMapping]-[INFO] Mapped URL path [/img/**] onto handler 'org.springframework.web.servlet.resource.ResourceHttpRequestHandler#1'
2019-06-08 15:05:21 [org.springframework.web.servlet.handler.SimpleUrlHandlerMapping]-[INFO] Mapped URL path [/js/**] onto handler 'org.springframework.web.servlet.resource.ResourceHttpRequestHandler#2'
2019-06-08 15:05:21 [org.springframework.web.servlet.handler.SimpleUrlHandlerMapping]-[INFO] Mapped URL path [/plugins/**] onto handler 'org.springframework.web.servlet.resource.ResourceHttpRequestHandler#3'
2019-06-08 15:05:21 [org.springframework.web.servlet.mvc.method.annotation.RequestMappingHandlerMapping]-[INFO] Mapped "{[/equipment/findAll.do]}" onto public org.springframework.web.servlet.ModelAndView com.gdou.gym.controller.EquipmentController.findAll(int,int) throws java.lang.Exception
2019-06-08 15:05:21 [org.springframework.web.servlet.mvc.method.annotation.RequestMappingHandlerAdapter]-[INFO] Looking for @ControllerAdvice: WebApplicationContext for namespace 'dispatcherServlet-servlet': startup date [Sat Jun 08 15:05:19 CST 2019]; parent: Root WebApplicationContext
2019-06-08 15:05:21 [org.springframework.web.servlet.mvc.method.annotation.RequestMappingHandlerAdapter]-[INFO] Looking for @ControllerAdvice: WebApplicationContext for namespace 'dispatcherServlet-servlet': startup date [Sat Jun 08 15:05:19 CST 2019]; parent: Root WebApplicationContext
2019-06-08 15:05:21 [org.springframework.web.servlet.DispatcherServlet]-[INFO] FrameworkServlet 'dispatcherServlet': initialization completed in 2039 ms
2019-06-08 15:06:16 [com.mchange.v2.c3p0.impl.AbstractPoolBackedDataSource]-[INFO] Initializing c3p0 pool... com.mchange.v2.c3p0.ComboPooledDataSource [ acquireIncrement -> 3, acquireRetryAttempts -> 30, acquireRetryDelay -> 1000, autoCommitOnClose -> false, automaticTestTable -> null, breakAfterAcquireFailure -> false, checkoutTimeout -> 0, connectionCustomizerClassName -> null, connectionTesterClassName -> com.mchange.v2.c3p0.impl.DefaultConnectionTester, dataSourceName -> 1b60va9a3eyg88v17iaoev|5656a9cd, debugUnreturnedConnectionStackTraces -> false, description -> null, driverClass -> com.mysql.jdbc.Driver, factoryClassLocation -> null, forceIgnoreUnresolvedTransactions -> false, identityToken -> 1b60va9a3eyg88v17iaoev|5656a9cd, idleConnectionTestPeriod -> 0, initialPoolSize -> 2, jdbcUrl -> jdbc:mysql://localhost:3306/gdou_tygsys, maxAdministrativeTaskTime -> 0, maxConnectionAge -> 0, maxIdleTime -> 600, maxIdleTimeExcessConnections -> 0, maxPoolSize -> 6, maxStatements -> 0, maxStatementsPerConnection -> 0, minPoolSize -> 2, numHelperThreads -> 3, numThreadsAwaitingCheckoutDefaultUser -> 0, preferredTestQuery -> null, properties -> {userInfo=******, password=******}, propertyCycle -> 0, testConnectionOnCheckin -> false, testConnectionOnCheckout -> false, unreturnedConnectionTimeout -> 0, usesTraditionalReflectiveProxies -> false ]
2019-06-08 15:06:21 [org.springframework.web.servlet.PageNotFound]-[WARN] No mapping found for HTTP request with URI [/gym_web/orders/findAll.do] in DispatcherServlet with name 'dispatcherServlet'
2019-06-08 15:09:52 [org.springframework.web.context.ContextLoader]-[INFO] Root WebApplicationContext: initialization started
2019-06-08 15:09:52 [org.springframework.web.context.support.XmlWebApplicationContext]-[INFO] Refreshing Root WebApplicationContext: startup date [Sat Jun 08 15:09:52 CST 2019]; root of context hierarchy
2019-06-08 15:09:52 [org.springframework.beans.factory.xml.XmlBeanDefinitionReader]-[INFO] Loading XML bean definitions from URL [file:/F:/Java/IDEA_WorkSpace/gymsys/gym_web/target/classes/applicationContext.xml]
2019-06-08 15:09:53 [org.springframework.beans.factory.annotation.AutowiredAnnotationBeanPostProcessor]-[INFO] JSR-330 'javax.inject.Inject' annotation found and supported for autowiring
2019-06-08 15:09:53 [com.mchange.v2.log.MLog]-[INFO] MLog clients using log4j logging.
2019-06-08 15:09:53 [com.mchange.v2.c3p0.C3P0Registry]-[INFO] Initializing c3p0-0.9.1.2 [built 21-May-2007 15:04:56; debug? true; trace: 10]
2019-06-08 15:09:54 [org.springframework.web.context.ContextLoader]-[INFO] Root WebApplicationContext: initialization completed in 1685 ms
2019-06-08 15:09:54 [org.springframework.web.servlet.DispatcherServlet]-[INFO] FrameworkServlet 'dispatcherServlet': initialization started
2019-06-08 15:09:54 [org.springframework.web.context.support.XmlWebApplicationContext]-[INFO] Refreshing WebApplicationContext for namespace 'dispatcherServlet-servlet': startup date [Sat Jun 08 15:09:54 CST 2019]; parent: Root WebApplicationContext
2019-06-08 15:09:54 [org.springframework.beans.factory.xml.XmlBeanDefinitionReader]-[INFO] Loading XML bean definitions from class path resource [spring-mvc.xml]
2019-06-08 15:09:54 [org.springframework.beans.factory.annotation.AutowiredAnnotationBeanPostProcessor]-[INFO] JSR-330 'javax.inject.Inject' annotation found and supported for autowiring
2019-06-08 15:09:55 [org.springframework.web.servlet.handler.SimpleUrlHandlerMapping]-[INFO] Mapped URL path [/css/**] onto handler 'org.springframework.web.servlet.resource.ResourceHttpRequestHandler#0'
2019-06-08 15:09:55 [org.springframework.web.servlet.handler.SimpleUrlHandlerMapping]-[INFO] Mapped URL path [/img/**] onto handler 'org.springframework.web.servlet.resource.ResourceHttpRequestHandler#1'
2019-06-08 15:09:55 [org.springframework.web.servlet.handler.SimpleUrlHandlerMapping]-[INFO] Mapped URL path [/js/**] onto handler 'org.springframework.web.servlet.resource.ResourceHttpRequestHandler#2'
2019-06-08 15:09:55 [org.springframework.web.servlet.handler.SimpleUrlHandlerMapping]-[INFO] Mapped URL path [/plugins/**] onto handler 'org.springframework.web.servlet.resource.ResourceHttpRequestHandler#3'
2019-06-08 15:09:55 [org.springframework.web.servlet.mvc.method.annotation.RequestMappingHandlerMapping]-[INFO] Mapped "{[/equipment/findAll.do]}" onto public org.springframework.web.servlet.ModelAndView com.gdou.gym.controller.EquipmentController.findAll(int,int) throws java.lang.Exception
2019-06-08 15:09:55 [org.springframework.web.servlet.mvc.method.annotation.RequestMappingHandlerAdapter]-[INFO] Looking for @ControllerAdvice: WebApplicationContext for namespace 'dispatcherServlet-servlet': startup date [Sat Jun 08 15:09:54 CST 2019]; parent: Root WebApplicationContext
2019-06-08 15:09:55 [org.springframework.web.servlet.mvc.method.annotation.RequestMappingHandlerAdapter]-[INFO] Looking for @ControllerAdvice: WebApplicationContext for namespace 'dispatcherServlet-servlet': startup date [Sat Jun 08 15:09:54 CST 2019]; parent: Root WebApplicationContext
2019-06-08 15:09:55 [org.springframework.web.servlet.DispatcherServlet]-[INFO] FrameworkServlet 'dispatcherServlet': initialization completed in 1027 ms
2019-06-08 15:10:49 [com.mchange.v2.c3p0.impl.AbstractPoolBackedDataSource]-[INFO] Initializing c3p0 pool... com.mchange.v2.c3p0.ComboPooledDataSource [ acquireIncrement -> 3, acquireRetryAttempts -> 30, acquireRetryDelay -> 1000, autoCommitOnClose -> false, automaticTestTable -> null, breakAfterAcquireFailure -> false, checkoutTimeout -> 0, connectionCustomizerClassName -> null, connectionTesterClassName -> com.mchange.v2.c3p0.impl.DefaultConnectionTester, dataSourceName -> 1b60va9a3eym49n8v1w8b|36375410, debugUnreturnedConnectionStackTraces -> false, description -> null, driverClass -> com.mysql.jdbc.Driver, factoryClassLocation -> null, forceIgnoreUnresolvedTransactions -> false, identityToken -> 1b60va9a3eym49n8v1w8b|36375410, idleConnectionTestPeriod -> 0, initialPoolSize -> 2, jdbcUrl -> jdbc:mysql://localhost:3306/gdou_tygsys, maxAdministrativeTaskTime -> 0, maxConnectionAge -> 0, maxIdleTime -> 600, maxIdleTimeExcessConnections -> 0, maxPoolSize -> 6, maxStatements -> 0, maxStatementsPerConnection -> 0, minPoolSize -> 2, numHelperThreads -> 3, numThreadsAwaitingCheckoutDefaultUser -> 0, preferredTestQuery -> null, properties -> {userInfo=******, password=******}, propertyCycle -> 0, testConnectionOnCheckin -> false, testConnectionOnCheckout -> false, unreturnedConnectionTimeout -> 0, usesTraditionalReflectiveProxies -> false ]
